\BOOKMARK [0][]{chapter.1}{\376\377\173\054\116\000\172\340\000\040\142\021\146\057\214\001\377\037}{}% 1
\BOOKMARK [0][]{chapter.2}{\376\377\173\054\116\214\172\340\000\040\142\021\140\363\120\132\166\204\116\213\140\305}{}% 2
\BOOKMARK [0][]{chapter.3}{\376\377\173\054\116\011\172\340\000\040\147\054\171\321\173\307\377\032\123\127\116\254\136\010\203\003\131\047\133\146\000\040\116\272\135\345\146\172\200\375}{}% 3
\BOOKMARK [1][]{section.3.1}{\376\377\0003\000.\0001\000\040\213\244\167\345\130\121\220\040}{chapter.3}% 4
\BOOKMARK [1][]{section.3.2}{\376\377\0003\000.\0002\000\040\200\375\122\233\127\371\121\173}{chapter.3}% 5
\BOOKMARK [1][]{section.3.3}{\376\377\0003\000.\0003\000\040\142\123\220\040\201\352\135\361\166\204\163\257\130\203}{chapter.3}% 6
\BOOKMARK [1][]{section.3.4}{\376\377\0003\000.\0004\000\040\176\317\123\206\117\123\232\214}{chapter.3}% 7
\BOOKMARK [2][]{subsection.3.4.1}{\376\377\0003\000.\0004\000.\0001\000\040\116\316\226\366\122\060\116\000\211\343\121\263\225\356\230\230\166\204\200\375\122\233}{section.3.4}% 8
\BOOKMARK [1][]{section.3.5}{\376\377\0003\000.\0005\000\040\171\357\175\057\215\104\156\220}{chapter.3}% 9
\BOOKMARK [1][]{section.3.6}{\376\377\0003\000.\0006\000\040\213\373\116\146}{chapter.3}% 10
\BOOKMARK [1][]{section.3.7}{\376\377\0003\000.\0007\000\040\173\024\213\260}{chapter.3}% 11
\BOOKMARK [1][]{section.3.8}{\376\377\0003\000.\0008\000\040\122\067\213\376}{chapter.3}% 12
\BOOKMARK [1][]{section.3.9}{\376\377\0003\000.\0009\000\040\000B\000l\000o\000g}{chapter.3}% 13
\BOOKMARK [1][]{section.3.10}{\376\377\0003\000.\0001\0000\000\040\121\231\117\134}{chapter.3}% 14
\BOOKMARK [1][]{section.3.11}{\376\377\0003\000.\0001\0001\000\040\142\021\166\204\000C\000h\000a\000t\000G\000P\000T\117\177\165\050\142\245\124\112}{chapter.3}% 15
\BOOKMARK [1][]{section.3.12}{\376\377\0003\000.\0001\0002\000\040\000G\000i\000t\000h\000u\000b}{chapter.3}% 16
\BOOKMARK [1][]{section.3.13}{\376\377\0003\000.\0001\0003\000\040\000E\000n\000g\000l\000i\000s\000h}{chapter.3}% 17
\BOOKMARK [1][]{section.3.14}{\376\377\0003\000.\0001\0004\000\040\000R\000e\000s\000e\000a\000r\000c\000h\000\040\000\046\000\040\000P\000a\000p\000e\000r\000s}{chapter.3}% 18
\BOOKMARK [1][]{section.3.15}{\376\377\0003\000.\0001\0005\000\040\230\171\166\356\230\171\166\356\176\317\123\206}{chapter.3}% 19
\BOOKMARK [1][]{section.3.16}{\376\377\0003\000.\0001\0006\000\040\133\236\116\140\230\171\166\356\176\317\123\206}{chapter.3}% 20
\BOOKMARK [0][]{chapter.4}{\376\377\173\054\126\333\172\340\000\040\142\200\147\057\150\010}{}% 21
\BOOKMARK [1][]{section.4.1}{\376\377\0004\000.\0001\000\040\000L\000a\000T\000e\000X}{chapter.4}% 22
\BOOKMARK [2][]{subsection.4.1.1}{\376\377\0004\000.\0001\000.\0001\000\040\000E\000l\000e\000m\000e\000n\000t\000B\000o\000o\000k\152\041\147\177}{section.4.1}% 23
\BOOKMARK [2][]{subsection.4.1.2}{\376\377\0004\000.\0001\000.\0002\000\040\145\160\133\146\136\372\152\041\152\041\147\177}{section.4.1}% 24
\BOOKMARK [2][]{subsection.4.1.3}{\376\377\0004\000.\0001\000.\0003\000\040\000I\000E\000E\000E\000n\152\041\147\177}{section.4.1}% 25
\BOOKMARK [1][]{section.4.2}{\376\377\0004\000.\0002\000\040\000L\000i\000n\000u\000x\000\040\000-\000\040\000W\000S\000L}{chapter.4}% 26
\BOOKMARK [0][]{chapter.5}{\376\377\173\054\116\224\172\340\000\040\170\024\172\166\165\037\173\307\377\032\123\127\116\254\131\047\133\146\000\040\116\272\135\345\146\172\200\375}{}% 27
\BOOKMARK [0][]{chapter.6}{\376\377\173\054\121\155\172\340\000\040\131\047\116\213\210\150\377\032\142\021\127\050\147\054\171\321\126\333\136\164\116\055\120\132\116\206\116\300\116\110\377\037}{}% 28
\BOOKMARK [1][]{section.6.1}{\376\377\0006\000.\0001\000\040\131\047\116\000}{chapter.6}% 29
\BOOKMARK [1][]{section.6.2}{\376\377\0006\000.\0002\000\040\131\047\116\214}{chapter.6}% 30
\BOOKMARK [1][]{section.6.3}{\376\377\0006\000.\0003\000\040\131\047\116\011}{chapter.6}% 31
\BOOKMARK [1][]{section.6.4}{\376\377\0006\000.\0004\000\040\131\047\126\333}{chapter.6}% 32
\BOOKMARK [0][]{appendix.A}{\376\377\000A\000\040\145\160\133\146}{}% 33
